<?xml version="1.0" encoding="UTF-8"?>
<robot generator="Robot 6.0.2 (Python 3.11.1 on win32)" generated="20231030 17:41:09.790" rpa="false" schemaversion="3">
<suite id="s1" name="amazon Tests Gherkin" source="C:\Users\MarcusViniciusCarval\Desktop\pdirobot\testeRobot\CursodaUdemy\Robotframework\WebTesting\amazon_Tests_Gherkin.robot">
<test id="s1-t1" name="Caso de teste 01 - Acesso ao menu &quot;Livros&quot;" line="19">
<kw name="abrir navegador" library="amazon_Resources" type="SETUP">
<kw name="Open Browser" library="SeleniumLibrary">
<arg>browser=gc</arg>
<doc>Opens a new browser instance to the optional ``url``.</doc>
<msg timestamp="20231030 17:41:10.204" level="INFO">Opening browser 'gc' to base url 'None'.</msg>
<msg timestamp="20231030 17:41:14.401" level="INFO">Cannot capture screenshot because no browser is open.</msg>
<msg timestamp="20231030 17:41:14.401" level="FAIL">SessionNotCreatedException: Message: session not created: This version of ChromeDriver only supports Chrome version 114
Current browser version is 118.0.5993.118 with binary path C:\Program Files\Google\Chrome\Application\chrome.exe
Stacktrace:
Backtrace:
	GetHandleVerifier [0x003CA813+48355]
	(No symbol) [0x0035C4B1]
	(No symbol) [0x00265358]
	(No symbol) [0x002861AC]
	(No symbol) [0x00281EF3]
	(No symbol) [0x00280579]
	(No symbol) [0x002B0C55]
	(No symbol) [0x002B093C]
	(No symbol) [0x002AA536]
	(No symbol) [0x002882DC]
	(No symbol) [0x002893DD]
	GetHandleVerifier [0x0062AABD+2539405]
	GetHandleVerifier [0x0066A78F+2800735]
	GetHandleVerifier [0x0066456C+2775612]
	GetHandleVerifier [0x004551E0+616112]
	(No symbol) [0x00365F8C]
	(No symbol) [0x00362328]
	(No symbol) [0x0036240B]
	(No symbol) [0x00354FF7]
	BaseThreadInitThunk [0x76077BA9+25]
	RtlInitializeExceptionChain [0x76F9BD3B+107]
	RtlClearBits [0x76F9BCBF+191]
</msg>
<status status="FAIL" starttime="20231030 17:41:10.204" endtime="20231030 17:41:14.418"/>
</kw>
<kw name="Maximize Browser Window" library="SeleniumLibrary">
<doc>Maximizes current browser window.</doc>
<status status="NOT RUN" starttime="20231030 17:41:14.418" endtime="20231030 17:41:14.418"/>
</kw>
<status status="FAIL" starttime="20231030 17:41:10.204" endtime="20231030 17:41:14.418"/>
</kw>
<kw name="fechar navegador" library="amazon_Resources" type="TEARDOWN">
<kw name="Close Browser" library="SeleniumLibrary">
<doc>Closes the current browser.</doc>
<status status="PASS" starttime="20231030 17:41:14.418" endtime="20231030 17:41:14.418"/>
</kw>
<status status="PASS" starttime="20231030 17:41:14.418" endtime="20231030 17:41:14.418"/>
</kw>
<doc>este teste vai realizar acesso ao menu na amazon</doc>
<tag>categorias</tag>
<tag>menus</tag>
<status status="FAIL" starttime="20231030 17:41:10.204" endtime="20231030 17:41:14.418">Setup failed:
SessionNotCreatedException: Message: session not created: This version of ChromeDriver only supports Chrome version 114
Current browser version is 118.0.5993.118 with binary path C:\Program Files\Google\Chrome\Application\chrome.exe
Stacktrace:
Backtrace:
	GetHandleVerifier [0x003CA813+48355]
	(No symbol) [0x0035C4B1]
	(No symbol) [0x00265358]
	(No symbol) [0x002861AC]
	(No symbol) [0x00281EF3]
	(No symbol) [0x00280579]
	(No symbol) [0x002B0C55]
	(No symbol) [0x002B093C]
	(No symbol) [0x002AA536]
	(No symbol) [0x002882DC]
	(No symbol) [0x002893DD]
	GetHandleVerifier [0x0062AABD+2539405]
	GetHandleVerifier [0x0066A78F+2800735]
	GetHandleVerifier [0x0066456C+2775612]
	GetHandleVerifier [0x004551E0+616112]
	(No symbol) [0x00365F8C]
	(No symbol) [0x00362328]
	(No symbol) [0x0036240B]
	(No symbol) [0x00354FF7]
	BaseThreadInitThunk [0x76077BA9+25]
	RtlInitializeExceptionChain [0x76F9BD3B+107]
	RtlClearBits [0x76F9BCBF+191]
</status>
</test>
<test id="s1-t2" name="Caso de teste 02 - Pesquisa de um Produto" line="39">
<kw name="abrir navegador" library="amazon_Resources" type="SETUP">
<kw name="Open Browser" library="SeleniumLibrary">
<arg>browser=gc</arg>
<doc>Opens a new browser instance to the optional ``url``.</doc>
<msg timestamp="20231030 17:41:14.418" level="INFO">Opening browser 'gc' to base url 'None'.</msg>
<msg timestamp="20231030 17:41:18.325" level="INFO">Cannot capture screenshot because no browser is open.</msg>
<msg timestamp="20231030 17:41:18.325" level="FAIL">SessionNotCreatedException: Message: session not created: This version of ChromeDriver only supports Chrome version 114
Current browser version is 118.0.5993.118 with binary path C:\Program Files\Google\Chrome\Application\chrome.exe
Stacktrace:
Backtrace:
	GetHandleVerifier [0x003CA813+48355]
	(No symbol) [0x0035C4B1]
	(No symbol) [0x00265358]
	(No symbol) [0x002861AC]
	(No symbol) [0x00281EF3]
	(No symbol) [0x00280579]
	(No symbol) [0x002B0C55]
	(No symbol) [0x002B093C]
	(No symbol) [0x002AA536]
	(No symbol) [0x002882DC]
	(No symbol) [0x002893DD]
	GetHandleVerifier [0x0062AABD+2539405]
	GetHandleVerifier [0x0066A78F+2800735]
	GetHandleVerifier [0x0066456C+2775612]
	GetHandleVerifier [0x004551E0+616112]
	(No symbol) [0x00365F8C]
	(No symbol) [0x00362328]
	(No symbol) [0x0036240B]
	(No symbol) [0x00354FF7]
	BaseThreadInitThunk [0x76077BA9+25]
	RtlInitializeExceptionChain [0x76F9BD3B+107]
	RtlClearBits [0x76F9BCBF+191]
</msg>
<status status="FAIL" starttime="20231030 17:41:14.418" endtime="20231030 17:41:18.325"/>
</kw>
<kw name="Maximize Browser Window" library="SeleniumLibrary">
<doc>Maximizes current browser window.</doc>
<status status="NOT RUN" starttime="20231030 17:41:18.325" endtime="20231030 17:41:18.325"/>
</kw>
<status status="FAIL" starttime="20231030 17:41:14.418" endtime="20231030 17:41:18.325"/>
</kw>
<kw name="fechar navegador" library="amazon_Resources" type="TEARDOWN">
<kw name="Close Browser" library="SeleniumLibrary">
<doc>Closes the current browser.</doc>
<status status="PASS" starttime="20231030 17:41:18.325" endtime="20231030 17:41:18.325"/>
</kw>
<status status="PASS" starttime="20231030 17:41:18.325" endtime="20231030 17:41:18.325"/>
</kw>
<doc>este teste vai pesquisar um Xbox Series S na amazon</doc>
<tag>busca_produto</tag>
<tag>Lista_busca</tag>
<status status="FAIL" starttime="20231030 17:41:14.418" endtime="20231030 17:41:18.325">Setup failed:
SessionNotCreatedException: Message: session not created: This version of ChromeDriver only supports Chrome version 114
Current browser version is 118.0.5993.118 with binary path C:\Program Files\Google\Chrome\Application\chrome.exe
Stacktrace:
Backtrace:
	GetHandleVerifier [0x003CA813+48355]
	(No symbol) [0x0035C4B1]
	(No symbol) [0x00265358]
	(No symbol) [0x002861AC]
	(No symbol) [0x00281EF3]
	(No symbol) [0x00280579]
	(No symbol) [0x002B0C55]
	(No symbol) [0x002B093C]
	(No symbol) [0x002AA536]
	(No symbol) [0x002882DC]
	(No symbol) [0x002893DD]
	GetHandleVerifier [0x0062AABD+2539405]
	GetHandleVerifier [0x0066A78F+2800735]
	GetHandleVerifier [0x0066456C+2775612]
	GetHandleVerifier [0x004551E0+616112]
	(No symbol) [0x00365F8C]
	(No symbol) [0x00362328]
	(No symbol) [0x0036240B]
	(No symbol) [0x00354FF7]
	BaseThreadInitThunk [0x76077BA9+25]
	RtlInitializeExceptionChain [0x76F9BD3B+107]
	RtlClearBits [0x76F9BCBF+191]
</status>
</test>
<test id="s1-t3" name="Caso de Teste 03 - Adicionar Produto no Carrinho" line="49">
<kw name="abrir navegador" library="amazon_Resources" type="SETUP">
<kw name="Open Browser" library="SeleniumLibrary">
<arg>browser=gc</arg>
<doc>Opens a new browser instance to the optional ``url``.</doc>
<msg timestamp="20231030 17:41:18.340" level="INFO">Opening browser 'gc' to base url 'None'.</msg>
<msg timestamp="20231030 17:41:26.552" level="INFO">Cannot capture screenshot because no browser is open.</msg>
<msg timestamp="20231030 17:41:26.552" level="FAIL">SessionNotCreatedException: Message: session not created: This version of ChromeDriver only supports Chrome version 114
Current browser version is 118.0.5993.118 with binary path C:\Program Files\Google\Chrome\Application\chrome.exe
Stacktrace:
Backtrace:
	GetHandleVerifier [0x003CA813+48355]
	(No symbol) [0x0035C4B1]
	(No symbol) [0x00265358]
	(No symbol) [0x002861AC]
	(No symbol) [0x00281EF3]
	(No symbol) [0x00280579]
	(No symbol) [0x002B0C55]
	(No symbol) [0x002B093C]
	(No symbol) [0x002AA536]
	(No symbol) [0x002882DC]
	(No symbol) [0x002893DD]
	GetHandleVerifier [0x0062AABD+2539405]
	GetHandleVerifier [0x0066A78F+2800735]
	GetHandleVerifier [0x0066456C+2775612]
	GetHandleVerifier [0x004551E0+616112]
	(No symbol) [0x00365F8C]
	(No symbol) [0x00362328]
	(No symbol) [0x0036240B]
	(No symbol) [0x00354FF7]
	BaseThreadInitThunk [0x76077BA9+25]
	RtlInitializeExceptionChain [0x76F9BD3B+107]
	RtlClearBits [0x76F9BCBF+191]
</msg>
<status status="FAIL" starttime="20231030 17:41:18.339" endtime="20231030 17:41:26.555"/>
</kw>
<kw name="Maximize Browser Window" library="SeleniumLibrary">
<doc>Maximizes current browser window.</doc>
<status status="NOT RUN" starttime="20231030 17:41:26.555" endtime="20231030 17:41:26.555"/>
</kw>
<status status="FAIL" starttime="20231030 17:41:18.339" endtime="20231030 17:41:26.555"/>
</kw>
<kw name="fechar navegador" library="amazon_Resources" type="TEARDOWN">
<kw name="Close Browser" library="SeleniumLibrary">
<doc>Closes the current browser.</doc>
<status status="PASS" starttime="20231030 17:41:26.556" endtime="20231030 17:41:26.556"/>
</kw>
<status status="PASS" starttime="20231030 17:41:26.556" endtime="20231030 17:41:26.557"/>
</kw>
<doc>Esse teste verifica a adição de um produto no carrinho de compras</doc>
<tag>adicionar_carrinho</tag>
<status status="FAIL" starttime="20231030 17:41:18.338" endtime="20231030 17:41:26.557">Setup failed:
SessionNotCreatedException: Message: session not created: This version of ChromeDriver only supports Chrome version 114
Current browser version is 118.0.5993.118 with binary path C:\Program Files\Google\Chrome\Application\chrome.exe
Stacktrace:
Backtrace:
	GetHandleVerifier [0x003CA813+48355]
	(No symbol) [0x0035C4B1]
	(No symbol) [0x00265358]
	(No symbol) [0x002861AC]
	(No symbol) [0x00281EF3]
	(No symbol) [0x00280579]
	(No symbol) [0x002B0C55]
	(No symbol) [0x002B093C]
	(No symbol) [0x002AA536]
	(No symbol) [0x002882DC]
	(No symbol) [0x002893DD]
	GetHandleVerifier [0x0062AABD+2539405]
	GetHandleVerifier [0x0066A78F+2800735]
	GetHandleVerifier [0x0066456C+2775612]
	GetHandleVerifier [0x004551E0+616112]
	(No symbol) [0x00365F8C]
	(No symbol) [0x00362328]
	(No symbol) [0x0036240B]
	(No symbol) [0x00354FF7]
	BaseThreadInitThunk [0x76077BA9+25]
	RtlInitializeExceptionChain [0x76F9BD3B+107]
	RtlClearBits [0x76F9BCBF+191]
</status>
</test>
<test id="s1-t4" name="Caso de Teste 04 - Remover Produto do Carrinho" line="60">
<kw name="abrir navegador" library="amazon_Resources" type="SETUP">
<kw name="Open Browser" library="SeleniumLibrary">
<arg>browser=gc</arg>
<doc>Opens a new browser instance to the optional ``url``.</doc>
<msg timestamp="20231030 17:41:26.567" level="INFO">Opening browser 'gc' to base url 'None'.</msg>
<msg timestamp="20231030 17:41:31.138" level="INFO">Cannot capture screenshot because no browser is open.</msg>
<msg timestamp="20231030 17:41:31.139" level="FAIL">SessionNotCreatedException: Message: session not created: This version of ChromeDriver only supports Chrome version 114
Current browser version is 118.0.5993.118 with binary path C:\Program Files\Google\Chrome\Application\chrome.exe
Stacktrace:
Backtrace:
	GetHandleVerifier [0x003CA813+48355]
	(No symbol) [0x0035C4B1]
	(No symbol) [0x00265358]
	(No symbol) [0x002861AC]
	(No symbol) [0x00281EF3]
	(No symbol) [0x00280579]
	(No symbol) [0x002B0C55]
	(No symbol) [0x002B093C]
	(No symbol) [0x002AA536]
	(No symbol) [0x002882DC]
	(No symbol) [0x002893DD]
	GetHandleVerifier [0x0062AABD+2539405]
	GetHandleVerifier [0x0066A78F+2800735]
	GetHandleVerifier [0x0066456C+2775612]
	GetHandleVerifier [0x004551E0+616112]
	(No symbol) [0x00365F8C]
	(No symbol) [0x00362328]
	(No symbol) [0x0036240B]
	(No symbol) [0x00354FF7]
	BaseThreadInitThunk [0x76077BA9+25]
	RtlInitializeExceptionChain [0x76F9BD3B+107]
	RtlClearBits [0x76F9BCBF+191]
</msg>
<status status="FAIL" starttime="20231030 17:41:26.567" endtime="20231030 17:41:31.139"/>
</kw>
<kw name="Maximize Browser Window" library="SeleniumLibrary">
<doc>Maximizes current browser window.</doc>
<status status="NOT RUN" starttime="20231030 17:41:31.139" endtime="20231030 17:41:31.139"/>
</kw>
<status status="FAIL" starttime="20231030 17:41:26.567" endtime="20231030 17:41:31.139"/>
</kw>
<kw name="fechar navegador" library="amazon_Resources" type="TEARDOWN">
<kw name="Close Browser" library="SeleniumLibrary">
<doc>Closes the current browser.</doc>
<status status="PASS" starttime="20231030 17:41:31.139" endtime="20231030 17:41:31.139"/>
</kw>
<status status="PASS" starttime="20231030 17:41:31.139" endtime="20231030 17:41:31.139"/>
</kw>
<doc>Esse teste verifica a remoção de um produto no carrinho de compras</doc>
<tag>remover_carrinho</tag>
<status status="FAIL" starttime="20231030 17:41:26.566" endtime="20231030 17:41:31.139">Setup failed:
SessionNotCreatedException: Message: session not created: This version of ChromeDriver only supports Chrome version 114
Current browser version is 118.0.5993.118 with binary path C:\Program Files\Google\Chrome\Application\chrome.exe
Stacktrace:
Backtrace:
	GetHandleVerifier [0x003CA813+48355]
	(No symbol) [0x0035C4B1]
	(No symbol) [0x00265358]
	(No symbol) [0x002861AC]
	(No symbol) [0x00281EF3]
	(No symbol) [0x00280579]
	(No symbol) [0x002B0C55]
	(No symbol) [0x002B093C]
	(No symbol) [0x002AA536]
	(No symbol) [0x002882DC]
	(No symbol) [0x002893DD]
	GetHandleVerifier [0x0062AABD+2539405]
	GetHandleVerifier [0x0066A78F+2800735]
	GetHandleVerifier [0x0066456C+2775612]
	GetHandleVerifier [0x004551E0+616112]
	(No symbol) [0x00365F8C]
	(No symbol) [0x00362328]
	(No symbol) [0x0036240B]
	(No symbol) [0x00354FF7]
	BaseThreadInitThunk [0x76077BA9+25]
	RtlInitializeExceptionChain [0x76F9BD3B+107]
	RtlClearBits [0x76F9BCBF+191]
</status>
</test>
<doc>Aqui sera o inicio dos testes, entrada e saida dos navegadores</doc>
<status status="FAIL" starttime="20231030 17:41:09.790" endtime="20231030 17:41:31.139"/>
</suite>
<statistics>
<total>
<stat pass="0" fail="4" skip="0">All Tests</stat>
</total>
<tag>
<stat pass="0" fail="1" skip="0">adicionar_carrinho</stat>
<stat pass="0" fail="1" skip="0">busca_produto</stat>
<stat pass="0" fail="1" skip="0">categorias</stat>
<stat pass="0" fail="1" skip="0">Lista_busca</stat>
<stat pass="0" fail="1" skip="0">menus</stat>
<stat pass="0" fail="1" skip="0">remover_carrinho</stat>
</tag>
<suite>
<stat pass="0" fail="4" skip="0" id="s1" name="amazon Tests Gherkin">amazon Tests Gherkin</stat>
</suite>
</statistics>
<errors>
</errors>
</robot>
